<?xml version="1.0" encoding="UTF-8"?>
<test-config>
	<converter>
		<type class="javax.mail.internet.InternetAddress" converter="js.email.InternetAddressConverter" />
	</converter>
	<debugging-mode />
</test-config>
